<?xml version="1.0" encoding="UTF-8"?>
<robot generator="Robot 7.3.2 (Python 3.14.0 on darwin)" generated="2025-11-27T09:16:54.658538" rpa="false" schemaversion="5">
<suite id="s1" name="Login Logout Positive" source="/Users/ilhamfajar/Documents/assignment-ilham-sawitpro/tests/login_logout_positive.robot">
<kw name="Open Application" owner="app_keywords" type="SETUP">
<kw name="Open Application" owner="app_keywords">
<msg time="2025-11-27T09:16:54.928849" level="FAIL">Variable '${REMOTE_URL}' not found.</msg>
<arg>${REMOTE_URL}</arg>
<arg>platformName=${PLATFORM}</arg>
<arg>appActivity=${APP_ACTIVITY}</arg>
<arg>appPackage=${APP_PACKAGE}</arg>
<arg>deviceName=${DEVICE_NAME}</arg>
<status status="FAIL" start="2025-11-27T09:16:54.927674" elapsed="0.001262">Variable '${REMOTE_URL}' not found.</status>
</kw>
<status status="FAIL" start="2025-11-27T09:16:54.927300" elapsed="0.001859">Variable '${REMOTE_URL}' not found.</status>
</kw>
<test id="s1-t1" name="Login With Valid Credentials" line="8">
<status status="FAIL" start="2025-11-27T09:16:54.929265" elapsed="0.000463">Parent suite setup failed:
Variable '${REMOTE_URL}' not found.</status>
</test>
<kw name="Close Application" owner="app_keywords" type="TEARDOWN">
<kw name="Close Application" owner="app_keywords">
<msg time="2025-11-27T09:16:54.934836" level="FAIL">Variable '${REMOTE_URL}' not found.</msg>
<arg>${REMOTE_URL}</arg>
<arg>platformName=${PLATFORM}</arg>
<arg>appActivity=${APP_ACTIVITY}</arg>
<arg>appPackage=${APP_PACKAGE}</arg>
<arg>deviceName=${DEVICE_NAME}</arg>
<status status="FAIL" start="2025-11-27T09:16:54.930741" elapsed="0.013199">Variable '${REMOTE_URL}' not found.</status>
</kw>
<status status="FAIL" start="2025-11-27T09:16:54.930441" elapsed="0.013749">Variable '${REMOTE_URL}' not found.</status>
</kw>
<status status="FAIL" start="2025-11-27T09:16:54.662103" elapsed="0.282287">Suite setup failed:
Variable '${REMOTE_URL}' not found.

Also suite teardown failed:
Variable '${REMOTE_URL}' not found.</status>
</suite>
<statistics>
<total>
<stat pass="0" fail="1" skip="0">All Tests</stat>
</total>
<tag>
</tag>
<suite>
<stat name="Login Logout Positive" id="s1" pass="0" fail="1" skip="0">Login Logout Positive</stat>
</suite>
</statistics>
<errors>
</errors>
</robot>
